[debug] [2023-04-16T05:37:35.394Z] ----------------------------------------------------------------------
[debug] [2023-04-16T05:37:35.395Z] Command:       /usr/local/bin/node /usr/local/bin/firebase init
[debug] [2023-04-16T05:37:35.396Z] CLI Version:   11.27.0
[debug] [2023-04-16T05:37:35.396Z] Platform:      darwin
[debug] [2023-04-16T05:37:35.396Z] Node Version:  v18.16.0
[debug] [2023-04-16T05:37:35.400Z] Time:          Sun Apr 16 2023 00:37:35 GMT-0500 (Central Daylight Time)
[debug] [2023-04-16T05:37:35.401Z] ----------------------------------------------------------------------
[debug] 
[debug] [2023-04-16T05:37:35.405Z] > command requires scopes: ["email","openid","https://www.googleapis.com/auth/cloudplatformprojects.readonly","https://www.googleapis.com/auth/firebase","https://www.googleapis.com/auth/cloud-platform"]
[debug] [2023-04-16T05:37:35.405Z] > authorizing via signed-in user (nicholasdiggi@gmail.com)
[info] 
     ######## #### ########  ######## ########     ###     ######  ########
     ##        ##  ##     ## ##       ##     ##  ##   ##  ##       ##
     ######    ##  ########  ######   ########  #########  ######  ######
     ##        ##  ##    ##  ##       ##     ## ##     ##       ## ##
     ##       #### ##     ## ######## ########  ##     ##  ######  ########

You're about to initialize a Firebase project in this directory:

  /Users/nicholas/Documents/GitHub/AccSeniorSite

[info] 
=== Project Setup
[info] 
[info] First, let's associate this project directory with a Firebase project.
[info] You can create multiple project aliases by running firebase use --add, 
[info] but for now we'll just set up a default project.
[info] 
[debug] [2023-04-16T05:41:42.544Z] >>> [apiv2][query] GET https://firebase.googleapis.com/v1beta1/projects pageSize=100
[debug] [2023-04-16T05:41:42.795Z] <<< [apiv2][status] GET https://firebase.googleapis.com/v1beta1/projects 200
[debug] [2023-04-16T05:41:42.795Z] <<< [apiv2][body] GET https://firebase.googleapis.com/v1beta1/projects [omitted]
[info] i  Using project sitetrainer-1 (SiteTrainer) 
[info] 
=== Database Setup
[info] i  database: ensuring required API firebasedatabase.googleapis.com is enabled... 
[debug] [2023-04-16T05:41:45.056Z] >>> [apiv2][query] GET https://serviceusage.googleapis.com/v1/projects/sitetrainer-1/services/firebasedatabase.googleapis.com [none]
[debug] [2023-04-16T05:41:45.056Z] >>> [apiv2][(partial)header] GET https://serviceusage.googleapis.com/v1/projects/sitetrainer-1/services/firebasedatabase.googleapis.com x-goog-quota-user=projects/sitetrainer-1
[debug] [2023-04-16T05:41:45.295Z] <<< [apiv2][status] GET https://serviceusage.googleapis.com/v1/projects/sitetrainer-1/services/firebasedatabase.googleapis.com 200
[debug] [2023-04-16T05:41:45.295Z] <<< [apiv2][body] GET https://serviceusage.googleapis.com/v1/projects/sitetrainer-1/services/firebasedatabase.googleapis.com [omitted]
[warn] ⚠  database: missing required API firebasedatabase.googleapis.com. Enabling now... 
[debug] [2023-04-16T05:41:45.296Z] >>> [apiv2][query] POST https://serviceusage.googleapis.com/v1/projects/sitetrainer-1/services/firebasedatabase.googleapis.com:enable [none]
[debug] [2023-04-16T05:41:45.296Z] >>> [apiv2][(partial)header] POST https://serviceusage.googleapis.com/v1/projects/sitetrainer-1/services/firebasedatabase.googleapis.com:enable x-goog-quota-user=projects/sitetrainer-1
[debug] [2023-04-16T05:41:45.610Z] <<< [apiv2][status] POST https://serviceusage.googleapis.com/v1/projects/sitetrainer-1/services/firebasedatabase.googleapis.com:enable 200
[debug] [2023-04-16T05:41:45.611Z] <<< [apiv2][body] POST https://serviceusage.googleapis.com/v1/projects/sitetrainer-1/services/firebasedatabase.googleapis.com:enable [omitted]
[debug] [2023-04-16T05:41:55.614Z] >>> [apiv2][query] GET https://serviceusage.googleapis.com/v1/projects/sitetrainer-1/services/firebasedatabase.googleapis.com [none]
[debug] [2023-04-16T05:41:55.615Z] >>> [apiv2][(partial)header] GET https://serviceusage.googleapis.com/v1/projects/sitetrainer-1/services/firebasedatabase.googleapis.com x-goog-quota-user=projects/sitetrainer-1
[debug] [2023-04-16T05:41:55.831Z] <<< [apiv2][status] GET https://serviceusage.googleapis.com/v1/projects/sitetrainer-1/services/firebasedatabase.googleapis.com 200
[debug] [2023-04-16T05:41:55.831Z] <<< [apiv2][body] GET https://serviceusage.googleapis.com/v1/projects/sitetrainer-1/services/firebasedatabase.googleapis.com [omitted]
[info] ✔  database: required API firebasedatabase.googleapis.com is enabled 
[info] 
[debug] [2023-04-16T05:41:55.836Z] >>> [apiv2][query] GET https://firebase.googleapis.com/v1beta1/projects/sitetrainer-1 [none]
[debug] [2023-04-16T05:41:55.957Z] <<< [apiv2][status] GET https://firebase.googleapis.com/v1beta1/projects/sitetrainer-1 200
[debug] [2023-04-16T05:41:55.957Z] <<< [apiv2][body] GET https://firebase.googleapis.com/v1beta1/projects/sitetrainer-1 {"projectId":"sitetrainer-1","projectNumber":"635692315384","displayName":"SiteTrainer","name":"projects/sitetrainer-1","resources":{"hostingSite":"sitetrainer-1"},"state":"ACTIVE","etag":"1_e954fb27-061d-4267-a12a-5fb0bc8ac70b"}
[debug] [2023-04-16T05:42:18.141Z] >>> [apiv2][query] POST https://firebasedatabase.googleapis.com/v1beta/projects/sitetrainer-1/locations/us-central1/instances databaseId=sitetrainer-1-default-rtdb&validateOnly=true
[debug] [2023-04-16T05:42:18.141Z] >>> [apiv2][body] POST https://firebasedatabase.googleapis.com/v1beta/projects/sitetrainer-1/locations/us-central1/instances {"type":"default_database"}
[debug] [2023-04-16T05:42:18.467Z] <<< [apiv2][status] POST https://firebasedatabase.googleapis.com/v1beta/projects/sitetrainer-1/locations/us-central1/instances 200
[debug] [2023-04-16T05:42:18.467Z] <<< [apiv2][body] POST https://firebasedatabase.googleapis.com/v1beta/projects/sitetrainer-1/locations/us-central1/instances {"name":"projects/635692315384/locations/us-central1/instances/sitetrainer-1-default-rtdb","project":"projects/635692315384","databaseUrl":"https://sitetrainer-1-default-rtdb.firebaseio.com","type":"DEFAULT_DATABASE","state":"ACTIVE"}
[debug] [2023-04-16T05:42:18.468Z] >>> [apiv2][query] POST https://firebasedatabase.googleapis.com/v1beta/projects/sitetrainer-1/locations/us-central1/instances databaseId=sitetrainer-1-default-rtdb
[debug] [2023-04-16T05:42:18.468Z] >>> [apiv2][body] POST https://firebasedatabase.googleapis.com/v1beta/projects/sitetrainer-1/locations/us-central1/instances {"type":"default_database"}
[debug] [2023-04-16T05:42:19.115Z] <<< [apiv2][status] POST https://firebasedatabase.googleapis.com/v1beta/projects/sitetrainer-1/locations/us-central1/instances 200
[debug] [2023-04-16T05:42:19.116Z] <<< [apiv2][body] POST https://firebasedatabase.googleapis.com/v1beta/projects/sitetrainer-1/locations/us-central1/instances {"name":"projects/635692315384/locations/us-central1/instances/sitetrainer-1-default-rtdb","project":"projects/635692315384","databaseUrl":"https://sitetrainer-1-default-rtdb.firebaseio.com","type":"DEFAULT_DATABASE","state":"ACTIVE"}
[info] 
[info] Firebase Realtime Database Security Rules allow you to define how your data should be
[info] structured and when your data can be read from and written to.
[info] 
